     NEW-OLD atomic charge density approx. for the potential

     negative rho (up, down):  1.811E-04 0.000E+00

     total cpu time spent up to now is     2262.0 secs

     Self-consistent Calculation

     iteration #  1     ecut=    80.00 Ry     beta= 0.70
     Davidson diagonalization with overlap
     ethr =  1.00E-06,  avg # of iterations =  5.0

     Threshold (ethr) on eigenvalues was too large:
     Diagonalizing with lowered threshold

     Davidson diagonalization with overlap
     ethr =  1.68E-08,  avg # of iterations =  5.0

     negative rho (up, down):  1.857E-04 0.000E+00

     total cpu time spent up to now is     2281.8 secs

     total energy              =   -2246.44970624 Ry
     estimated scf accuracy    <       0.00005279 Ry

     iteration #  2     ecut=    80.00 Ry     beta= 0.70
     Davidson diagonalization with overlap
     ethr =  1.69E-08,  avg # of iterations =  2.0

     negative rho (up, down):  1.901E-04 0.000E+00

     total cpu time spent up to now is     2294.4 secs

     total energy              =   -2246.44970700 Ry
     estimated scf accuracy    <       0.00001086 Ry

     iteration #  3     ecut=    80.00 Ry     beta= 0.70
     Davidson diagonalization with overlap
     ethr =  3.48E-09,  avg # of iterations =  2.0

     negative rho (up, down):  1.917E-04 0.000E+00

     total cpu time spent up to now is     2306.1 secs

     total energy              =   -2246.44970797 Ry
     estimated scf accuracy    <       0.00000113 Ry

     iteration #  4     ecut=    80.00 Ry     beta= 0.70
     Davidson diagonalization with overlap
     ethr =  3.62E-10,  avg # of iterations =  5.0

     negative rho (up, down):  1.914E-04 0.000E+00

     total cpu time spent up to now is     2319.6 secs

     total energy              =   -2246.44970833 Ry
     estimated scf accuracy    <       0.00000016 Ry

     iteration #  5     ecut=    80.00 Ry     beta= 0.70
     Davidson diagonalization with overlap
     ethr =  5.05E-11,  avg # of iterations =  2.0

     negative rho (up, down):  1.906E-04 0.000E+00

     total cpu time spent up to now is     2329.5 secs

     total energy              =   -2246.44970835 Ry
     estimated scf accuracy    <       0.00000003 Ry

     iteration #  6     ecut=    80.00 Ry     beta= 0.70
     Davidson diagonalization with overlap
     ethr =  1.10E-11,  avg # of iterations =  4.0

     negative rho (up, down):  1.811E-04 0.000E+00

     total cpu time spent up to now is     2333.2 secs

     End of self-consistent calculation

          k = 0.0000 0.0000 0.0000 (105382 PWs)   bands (ev):

   -63.0357 -63.0284 -63.0238 -63.0074 -62.9872 -62.9719 -62.9633 -62.9433
   -62.9366 -62.9312 -62.9090 -62.9018 -37.3934 -37.3325 -37.3035 -37.2926
   -37.2787 -37.2538 -37.2355 -37.2268 -37.2181 -37.2091 -37.2063 -37.1941
   -37.1873 -37.1845 -37.1560 -37.1542 -37.1462 -37.1448 -37.1376 -37.1277
   -37.1157 -37.1116 -37.1060 -37.0949 -37.0897 -37.0859 -37.0789 -37.0548
   -37.0495 -37.0364 -37.0199 -36.9975 -36.9769 -36.9465 -36.9169 -36.9025
   -22.4331 -16.0895 -15.3418 -15.2499 -15.0922 -15.0126 -14.9154 -14.6222
   -14.5868 -14.5757 -14.5668 -14.5305 -14.5065 -14.4507 -14.3676 -14.2782
   -14.2564 -14.2543 -14.1732 -14.1146 -14.0267 -13.9861 -13.9604 -13.7525
    -7.9702  -7.8370  -7.7938  -7.6274  -7.4762  -7.4040  -7.3473  -7.3398
    -7.2601  -7.1144  -7.0383  -6.9309  -6.9239  -6.8158  -6.7285  -6.7056
    -6.5923  -6.5828  -6.5103  -6.4408  -6.1438  -6.1337  -6.0521  -6.0174
    -5.9752  -5.9461  -5.8631  -5.8389  -5.8074  -5.7757  -5.7483  -5.7039
    -5.6504  -5.6322  -5.5055  -5.4369  -5.3426  -5.2913  -5.2335  -5.1784
    -5.1485  -5.1192  -4.9960  -4.8181  -4.7807  -4.7022  -4.6131  -4.4426
    -4.4261  -4.3722  -4.3403  -4.2467  -4.1280  -4.0652  -4.0207  -3.9570
    -3.9099  -3.8301  -3.7980  -3.7666  -3.7137  -3.6740  -3.6218  -3.5790
    -3.5402  -3.5135  -3.4719  -3.3286  -3.2658  -3.2329  -3.0653  -2.9786
    -2.9467  -2.9217  -2.8906  -2.8843  -2.7967  -2.7448  -2.6651  -2.6002
    -2.4218  -2.1712  -2.1192  -2.0901  -0.9367  -0.9062  -0.3136  -0.3061
    -0.2423  -0.2149  -0.1283  -0.0313  -0.0141   0.0942   0.1356   0.1457
     0.1845   0.2799   0.3465   0.3875   0.4173   0.4425   0.4905   0.5142
     0.5752   0.5972   0.6392   0.6550   0.7242   0.7554   0.7772   0.8110
     0.9020   0.9326   1.0975

     the Fermi energy is    -1.5132 ev

!    total energy              =   -2246.44970838 Ry
     estimated scf accuracy    <          6.6E-09 Ry
     smearing contrib. (-TS)   =      -0.00000000 Ry
     internal energy E=F+TS    =   -2246.44970838 Ry

     The total energy is F=E-TS. E is the sum of the following terms:
     one-electron contribution =  -18406.78525626 Ry
     hartree contribution      =    9190.54682580 Ry
     xc contribution           =    -392.12229765 Ry
     ewald contribution        =    7371.76841838 Ry
     one-center paw contrib.   =      -9.85739865 Ry

     convergence has been achieved in   6 iterations

     negative rho (up, down):  1.811E-04 0.000E+00

     Forces acting on atoms (cartesian axes, Ry/au):

     atom    1 type  1   force =    -0.00086892    0.00104105   -0.00105249
     atom    2 type  2   force =    -0.00004815    0.00091553   -0.00053606
     atom    3 type  2   force =    -0.00021591   -0.00020767    0.00040887
     atom    4 type  1   force =     0.00016707   -0.00018951    0.00008727
     atom    5 type  2   force =     0.00011287    0.00007124   -0.00073835
     atom    6 type  2   force =     0.00005499    0.00001122   -0.00046628
     atom    7 type  1   force =    -0.00051947    0.00063354    0.00128461
     atom    8 type  2   force =     0.00003512    0.00005745    0.00105469
     atom    9 type  2   force =    -0.00021922    0.00051810    0.00174385
     atom   10 type  1   force =     0.00003638   -0.00028154    0.00050710
     atom   11 type  2   force =     0.00044251    0.00072767    0.00039065
     atom   12 type  2   force =     0.00050964    0.00013961    0.00070471
     atom   13 type  1   force =    -0.00128673   -0.00200028    0.00034041
     atom   14 type  2   force =     0.00171270    0.00005166    0.00066956
     atom   15 type  2   force =    -0.00005148   -0.00010635   -0.00095315
     atom   16 type  1   force =    -0.00035985   -0.00101440   -0.00083332
     atom   17 type  2   force =     0.00045858    0.00137996    0.00039177
     atom   18 type  2   force =    -0.00017475   -0.00063395   -0.00165172
     atom   19 type  1   force =    -0.00006414    0.00053794   -0.00069385
     atom   20 type  2   force =     0.00089982   -0.00034225   -0.00001904
     atom   21 type  1   force =     0.00046285    0.00058785    0.00014898
     atom   22 type  2   force =    -0.00003784   -0.00033840    0.00031396
     atom   23 type  2   force =    -0.00024858    0.00034276   -0.00019213
     atom   24 type  1   force =     0.00023732    0.00009865   -0.00005627
     atom   25 type  2   force =    -0.00059223    0.00029929   -0.00089231
     atom   26 type  2   force =    -0.00035799   -0.00152313   -0.00095078
     atom   27 type  1   force =     0.00034309    0.00023395   -0.00041042
     atom   28 type  2   force =     0.00003231    0.00044303    0.00043495
     atom   29 type  2   force =     0.00040504   -0.00081972   -0.00088347
     atom   30 type  1   force =    -0.00006219   -0.00087391    0.00089294
     atom   31 type  2   force =     0.00033169    0.00084217   -0.00044110
     atom   32 type  2   force =    -0.00123744    0.00055261    0.00078419
     atom   33 type  1   force =    -0.00087080    0.00019126    0.00079915
     atom   34 type  2   force =     0.00042207   -0.00040031   -0.00026678
     atom   35 type  2   force =     0.00002553   -0.00117139    0.00109526
     atom   36 type  3   force =     0.00052611    0.00022628   -0.00101538
     The non-local contrib.  to forces
     atom    1 type  1   force =    -0.00103354    0.02539976    0.00172790
     atom    2 type  2   force =    -0.00139249   -0.00564296   -0.27278802
     atom    3 type  2   force =    -0.00350536   -0.01053258    0.26371853
     atom    4 type  1   force =     0.00353589    0.00657927    0.00576257
     atom    5 type  2   force =     0.00408808   -0.02467578   -0.25892988
     atom    6 type  2   force =     0.00048560   -0.00497282    0.26791896
     atom    7 type  1   force =    -0.01441803    0.00424587   -0.02375140
     atom    8 type  2   force =     0.00928164    0.00004536   -0.26678223
     atom    9 type  2   force =    -0.00680536   -0.01184042    0.27022583
     atom   10 type  1   force =     0.00239891    0.00675353    0.00303060
     atom   11 type  2   force =     0.00456478    0.00235826   -0.26166877
     atom   12 type  2   force =    -0.00733734   -0.01372220    0.26646523
     atom   13 type  1   force =    -0.00758142    0.01184963    0.01087519
     atom   14 type  2   force =     0.00109288   -0.00359739   -0.27415059
     atom   15 type  2   force =     0.00087198   -0.01068347    0.25965190
     atom   16 type  1   force =    -0.00040455    0.03445929   -0.03612262
     atom   17 type  2   force =    -0.00447017   -0.02002997   -0.25793826
     atom   18 type  2   force =     0.00031175   -0.00244263    0.26405426
     atom   19 type  1   force =     0.01901669   -0.00000507   -0.02709318
     atom   20 type  2   force =     0.00210021   -0.01298998    0.26242639
     atom   21 type  1   force =    -0.00072517    0.02903832    0.00317005
     atom   22 type  2   force =    -0.00665636    0.00071838   -0.26226848
     atom   23 type  2   force =     0.00749659   -0.01358323    0.26403817
     atom   24 type  1   force =     0.00841023    0.00624599    0.01951991
     atom   25 type  2   force =    -0.00814838    0.00386371    0.29617615
     atom   26 type  2   force =     0.00171428   -0.01271317    0.27806159
     atom   27 type  1   force =    -0.00485612    0.00339076    0.00212201
     atom   28 type  2   force =     0.00065636   -0.01324459   -0.27746932
     atom   29 type  2   force =    -0.00021440   -0.00831019    0.26629790
     atom   30 type  1   force =    -0.00461902    0.01815230    0.00506204
     atom   31 type  2   force =    -0.00562362    0.00050257   -0.26815410
     atom   32 type  2   force =     0.00465127   -0.01300835    0.27190193
     atom   33 type  1   force =    -0.00128847    0.01703671    0.01738990
     atom   34 type  2   force =     0.00293309   -0.00633818   -0.27884743
     atom   35 type  2   force =     0.00016477   -0.01459957    0.26576913
     atom   36 type  3   force =     0.03214042   -0.00685708   -2.32003634
     The ionic contribution  to forces
     atom    1 type  1   force =    -0.18968935    1.06929369    1.40055922
     atom    2 type  2   force =    -1.17234606   -0.02503513   38.14734975
     atom    3 type  2   force =    -0.00581393   -0.05340882  -38.37151263
     atom    4 type  1   force =    -0.53041601    0.86222012   -0.52639071
     atom    5 type  2   force =    -0.79039040    1.44377385   38.06412784
     atom    6 type  2   force =     0.14722118   -0.25441672  -38.35197423
     atom    7 type  1   force =    -2.60463594   -1.98365721    1.52305466
     atom    8 type  2   force =    -1.28402163    0.17655873   38.00287812
     atom    9 type  2   force =     0.29438484   -0.03285841  -38.45952321
     atom   10 type  1   force =    -1.01925388   -1.01356666    1.06248291
     atom   11 type  2   force =    -0.42462755   -1.71608872   38.17592659
     atom   12 type  2   force =     0.18104636    0.21246792  -38.43440818
     atom   13 type  1   force =     1.11893139    1.24440860   -1.13317240
     atom   14 type  2   force =     1.00990112   -0.15672786   37.89125857
     atom   15 type  2   force =     0.02921641   -0.10619453  -38.25275788
     atom   16 type  1   force =     0.40787998    3.82192876    1.42708220
     atom   17 type  2   force =     1.32206150    2.13632265   37.87969663
     atom   18 type  2   force =    -0.15777682   -0.18951285  -38.67915103
     atom   19 type  1   force =     2.80541947   -2.33936774    2.09372443
     atom   20 type  2   force =     0.02066095   -0.05738691  -39.07161515
     atom   21 type  1   force =     0.56187945   -0.79501584   -0.47498540
     atom   22 type  2   force =     1.00259637   -2.30178988   37.97194778
     atom   23 type  2   force =    -0.12652414    0.21427993  -38.67539612
     atom   24 type  1   force =    -0.95143741    0.97663843   -1.80397308
     atom   25 type  2   force =     0.27998760   -0.04199415   28.69705904
     atom   26 type  2   force =    -0.01828211   -0.07144390  -38.11033608
     atom   27 type  1   force =     0.12502998    1.24430425   -0.49128021
     atom   28 type  2   force =    -0.53752789    1.52590919   37.58993795
     atom   29 type  2   force =     0.01147611    0.06714834  -38.40583773
     atom   30 type  1   force =    -0.16537583   -1.15352837    0.59095995
     atom   31 type  2   force =     1.11464693    0.19456775   37.94707680
     atom   32 type  2   force =    -0.32013458   -0.01696187  -38.28026400
     atom   33 type  1   force =     0.45586345   -1.58520732   -1.22040808
     atom   34 type  2   force =    -0.60210570   -1.46249577   38.17132244
     atom   35 type  2   force =    -0.06126941    0.06327209  -38.38821914
     atom   36 type  3   force =     0.07342553    0.10356433   50.49476038
     The local contribution  to forces
     atom    1 type  1   force =     0.18988593   -1.09366714   -1.40332551
     atom    2 type  2   force =     1.17360808    0.03140693  -37.89640516
     atom    3 type  2   force =     0.00893155    0.06333186   38.12900455
     atom    4 type  1   force =     0.52707160   -0.86896586    0.52071392
     atom    5 type  2   force =     0.78680640   -1.42009471  -37.82648890
     atom    6 type  2   force =    -0.14771923    0.25962909   38.10447326
     atom    7 type  1   force =     2.61856589    1.98005615   -1.49796266
     atom    8 type  2   force =     1.27522578   -0.17679332  -37.75600532
     atom    9 type  2   force =    -0.28845730    0.04461401   38.21209717
     atom   10 type  1   force =     1.01691639    1.00650499   -1.06493669
     atom   11 type  2   force =     0.42056308    1.71477945  -37.93459362
     atom   12 type  2   force =    -0.17378943   -0.19957985   38.18956661
     atom   13 type  1   force =    -1.11266223   -1.25825505    1.12257877
     atom   14 type  2   force =    -1.00918490    0.16053569  -37.63778093
     atom   15 type  2   force =    -0.03006807    0.11632422   38.01271166
     atom   16 type  1   force =    -0.40781106   -3.85736482   -1.39181645
     atom   17 type  2   force =    -1.31750701   -2.11581712  -37.64204799
     atom   18 type  2   force =     0.15747662    0.19156313   38.43423622
     atom   19 type  1   force =    -2.82450146    2.33993080   -2.06731196
     atom   20 type  2   force =    -0.02172046    0.06947907   38.83038382
     atom   21 type  1   force =    -0.56068722    0.76650793    0.47199599
     atom   22 type  2   force =    -0.99615938    2.30089963  -37.73027420
     atom   23 type  2   force =     0.11935807   -0.20127401   38.43202643
     atom   24 type  1   force =     0.94321792   -0.98280859    1.78441305
     atom   25 type  2   force =    -0.27290867    0.03864627  -28.98429290
     atom   26 type  2   force =     0.01626746    0.08210190   37.85264363
     atom   27 type  1   force =    -0.11987487   -1.24742789    0.48874553
     atom   28 type  2   force =     0.53691340   -1.51306661  -37.33348144
     atom   29 type  2   force =    -0.01094192   -0.05994201   38.15945009
     atom   30 type  1   force =     0.16993493    1.13453341   -0.59506843
     atom   31 type  2   force =    -1.10895233   -0.19448467  -37.70032020
     atom   32 type  2   force =     0.31475202    0.02985904   38.03019813
     atom   33 type  1   force =    -0.45548605    1.56831637    1.20388296
     atom   34 type  2   force =     0.59975884    1.46817201  -37.91432648
     atom   35 type  2   force =     0.06116616   -0.05072171   38.14448731
     atom   36 type  3   force =    -0.10478336   -0.09661056  -48.20030703
     The core correction contribution to forces
     atom    1 type  1   force =     0.00000000    0.00000000    0.00000000
     atom    2 type  2   force =     0.00011461    0.00016572    0.02132988
     atom    3 type  2   force =     0.00019619    0.00041180   -0.02078826
     atom    4 type  1   force =     0.00000000    0.00000000    0.00000000
     atom    5 type  2   force =    -0.00035894    0.00107774    0.02056653
     atom    6 type  2   force =     0.00007969   -0.00021993   -0.02089696
     atom    7 type  1   force =     0.00000000    0.00000000    0.00000000
     atom    8 type  2   force =    -0.00044756    0.00027464    0.02097577
     atom    9 type  2   force =     0.00065620    0.00060560   -0.02103196
     atom   10 type  1   force =     0.00000000    0.00000000    0.00000000
     atom   11 type  2   force =    -0.00003257   -0.00033964    0.02074373
     atom   12 type  2   force =     0.00059816    0.00096061   -0.02089937
     atom   13 type  1   force =     0.00000000    0.00000000    0.00000000
     atom   14 type  2   force =    -0.00006237   -0.00018537    0.02135903
     atom   15 type  2   force =    -0.00006660    0.00045109   -0.02057519
     atom   16 type  1   force =     0.00000000    0.00000000    0.00000000
     atom   17 type  2   force =     0.00036225    0.00092207    0.02068918
     atom   18 type  2   force =    -0.00019078   -0.00023670   -0.02081550
     atom   19 type  1   force =     0.00000000    0.00000000    0.00000000
     atom   20 type  2   force =    -0.00014452    0.00056610   -0.02121049
     atom   21 type  1   force =     0.00000000    0.00000000    0.00000000
     atom   22 type  2   force =     0.00016376   -0.00017973    0.02092726
     atom   23 type  2   force =    -0.00058168    0.00091221   -0.02085700
     atom   24 type  1   force =     0.00000000    0.00000000    0.00000000
     atom   25 type  2   force =     0.00042069   -0.00025383   -0.00980235
     atom   26 type  2   force =    -0.00007408    0.00053073   -0.02132948
     atom   27 type  1   force =     0.00000000    0.00000000    0.00000000
     atom   28 type  2   force =    -0.00002176    0.00084496    0.02145885
     atom   29 type  2   force =     0.00008441    0.00028386   -0.02079291
     atom   30 type  1   force =     0.00000000    0.00000000    0.00000000
     atom   31 type  2   force =     0.00024040    0.00028704    0.02096916
     atom   32 type  2   force =    -0.00050786    0.00067061   -0.02104284
     atom   33 type  1   force =     0.00000000    0.00000000    0.00000000
     atom   34 type  2   force =    -0.00016999    0.00026447    0.02160934
     atom   35 type  2   force =    -0.00003491    0.00086797   -0.02091267
     atom   36 type  3   force =    -0.00034384    0.00005440    0.02461688
     The Hubbard contrib.    to forces
     atom    1 type  1   force =     0.00000000    0.00000000    0.00000000
     atom    2 type  2   force =     0.00000000    0.00000000    0.00000000
     atom    3 type  2   force =     0.00000000    0.00000000    0.00000000
     atom    4 type  1   force =     0.00000000    0.00000000    0.00000000
     atom    5 type  2   force =     0.00000000    0.00000000    0.00000000
     atom    6 type  2   force =     0.00000000    0.00000000    0.00000000
     atom    7 type  1   force =     0.00000000    0.00000000    0.00000000
     atom    8 type  2   force =     0.00000000    0.00000000    0.00000000
     atom    9 type  2   force =     0.00000000    0.00000000    0.00000000
     atom   10 type  1   force =     0.00000000    0.00000000    0.00000000
     atom   11 type  2   force =     0.00000000    0.00000000    0.00000000
     atom   12 type  2   force =     0.00000000    0.00000000    0.00000000
     atom   13 type  1   force =     0.00000000    0.00000000    0.00000000
     atom   14 type  2   force =     0.00000000    0.00000000    0.00000000
     atom   15 type  2   force =     0.00000000    0.00000000    0.00000000
     atom   16 type  1   force =     0.00000000    0.00000000    0.00000000
     atom   17 type  2   force =     0.00000000    0.00000000    0.00000000
     atom   18 type  2   force =     0.00000000    0.00000000    0.00000000
     atom   19 type  1   force =     0.00000000    0.00000000    0.00000000
     atom   20 type  2   force =     0.00000000    0.00000000    0.00000000
     atom   21 type  1   force =     0.00000000    0.00000000    0.00000000
     atom   22 type  2   force =     0.00000000    0.00000000    0.00000000
     atom   23 type  2   force =     0.00000000    0.00000000    0.00000000
     atom   24 type  1   force =     0.00000000    0.00000000    0.00000000
     atom   25 type  2   force =     0.00000000    0.00000000    0.00000000
     atom   26 type  2   force =     0.00000000    0.00000000    0.00000000
     atom   27 type  1   force =     0.00000000    0.00000000    0.00000000
     atom   28 type  2   force =     0.00000000    0.00000000    0.00000000
     atom   29 type  2   force =     0.00000000    0.00000000    0.00000000
     atom   30 type  1   force =     0.00000000    0.00000000    0.00000000
     atom   31 type  2   force =     0.00000000    0.00000000    0.00000000
     atom   32 type  2   force =     0.00000000    0.00000000    0.00000000
     atom   33 type  1   force =     0.00000000    0.00000000    0.00000000
     atom   34 type  2   force =     0.00000000    0.00000000    0.00000000
     atom   35 type  2   force =     0.00000000    0.00000000    0.00000000
     atom   36 type  3   force =     0.00000000    0.00000000    0.00000000
     The SCF correction term to forces
     atom    1 type  1   force =    -0.00003052    0.00001567   -0.00001134
     atom    2 type  2   force =    -0.00003086    0.00002190   -0.00001976
     atom    3 type  2   force =    -0.00002292   -0.00000900   -0.00001056
     atom    4 type  1   force =    -0.00002296   -0.00002211    0.00000426
     atom    5 type  2   force =    -0.00003083   -0.00000892   -0.00001119
     atom    6 type  2   force =    -0.00001079   -0.00000746    0.00001546
     atom    7 type  1   force =    -0.00002995   -0.00001034   -0.00005324
     atom    8 type  2   force =    -0.00000167   -0.00002702   -0.00000890
     atom    9 type  2   force =     0.00000384   -0.00000176   -0.00002123
     atom   10 type  1   force =    -0.00002359    0.00002753   -0.00006697
     atom   11 type  2   force =    -0.00002379    0.00001926   -0.00001453
     atom   12 type  2   force =    -0.00000667    0.00001406   -0.00001682
     atom   13 type  1   force =     0.00002697   -0.00000254    0.00006160
     atom   14 type  2   force =    -0.00003258    0.00002752   -0.00001376
     atom   15 type  2   force =    -0.00000376   -0.00000273    0.00001912
     atom   16 type  1   force =    -0.00002277   -0.00003671    0.00002629
     atom   17 type  2   force =     0.00001345   -0.00001674   -0.00000503
     atom   18 type  2   force =     0.00000593   -0.00000398    0.00002710
     atom   19 type  1   force =     0.00000261   -0.00001912   -0.00001039
     atom   20 type  2   force =     0.00000509   -0.00000961   -0.00000086
     atom   21 type  1   force =    -0.00000276    0.00005838   -0.00002891
     atom   22 type  2   force =     0.00001922    0.00001412   -0.00001565
     atom   23 type  2   force =     0.00000403    0.00000879   -0.00000084
     atom   24 type  1   force =     0.00004802    0.00002376   -0.00001338
     atom   25 type  2   force =     0.00005797    0.00003821   -0.00002949
     atom   26 type  2   force =     0.00001791    0.00000225    0.00001233
     atom   27 type  1   force =     0.00004556   -0.00003224    0.00000500
     atom   28 type  2   force =     0.00001364    0.00000100   -0.00000832
     atom   29 type  2   force =     0.00000229    0.00000121    0.00000194
     atom   30 type  1   force =    -0.00000083   -0.00003032   -0.00005786
     atom   31 type  2   force =     0.00002176   -0.00002958   -0.00001000
     atom   32 type  2   force =     0.00000315   -0.00000589   -0.00000628
     atom   33 type  1   force =     0.00004172    0.00004643   -0.00006287
     atom   34 type  2   force =     0.00000728   -0.00000191   -0.00002189
     atom   35 type  2   force =     0.00000035    0.00001076   -0.00002662
     atom   36 type  3   force =     0.00008880    0.00007613   -0.00004650

     Total force =     0.007201     Total SCF correction =     0.000281
     Energy error            =      1.3E-04 Ry
     Gradient error          =      2.0E-03 Ry/Bohr

     number of scf cycles    =  21
     number of bfgs steps    =  20

     energy             old  =   -2246.4495823238 Ry
     energy             new  =   -2246.4497083772 Ry

     CASE: energy            _new < energy            _old

     new trust radius        =       0.0073893148 bohr
     new conv_thr            =       0.0000000100 Ry


ATOMIC_POSITIONS (angstrom)
Mo            6.5440420000        1.7229063163        2.7596188193
S             8.1185671257        0.8249001091        4.3641481099
S             8.1119512388        0.8134080734        1.1628518992
Mo            8.1029041178        4.4751328919        2.7114869730
S             6.5050380625        3.6395825376        4.3114220805
S             6.5310000341        3.5387788678        1.1184483486
Mo            6.4968081124        7.1586576368        2.6642912826
S             8.0605401505        6.2843078482        4.2983281091
S             8.1166980817        6.3015944703        1.1071295807
Mo            8.1180986204        9.9145647860        2.7622371427
S             6.5005921745        8.9241561021        4.3186953600
S             6.5685325076        9.0056845955        1.1219127151
Mo            3.4302380130        1.7570472212        2.7503028655
S             4.9702368138        0.7922225789        4.3434560252
S             4.9816090539        0.8128616136        1.1619764777
Mo            4.9742721223        4.5233998979        2.6638193795
S             3.4491775820        3.6477641431        4.3200359489
S             3.4184918746        3.5607849922        1.1091514387
Mo            3.4574113601        7.1608944289        2.6758776647
S             4.9713037807        6.2928014976        1.0462819250
Mo            4.9716074619        9.8832343672        2.7257565732
S             3.4460948292        8.9255798813        4.3259538490
S             3.3908176559        8.9930807617        1.1167403089
Mo            0.2224237142        1.7413241736        2.7510279694
S             1.8336848805        0.8222189594        4.2721425979
S             1.8314602104        0.8254433755        1.1860042558
Mo            1.8450011275        4.4712368252        2.7185240179
S             0.2410193336        3.5858154164        4.3224171317
S             0.2437425703        3.5568159571        1.1383179538
Mo            0.2388283983        7.1981661744        2.7320181370
S             1.8771430477        6.2834601913        4.3043276273
S             1.8335532833        6.3042269595        1.1182189507
Mo            1.8309488156        9.8835201597        2.7514712884
S             0.2446432793        9.0035481146        4.3592942149
S             0.2335207943        9.0218244281        1.1541032611
O             1.8110958946        0.8300000571        5.7725495889



     Writing config-only to output data dir ./MoS2-V-O.save/
     NEW-OLD atomic charge density approx. for the potential

     negative rho (up, down):  1.820E-04 0.000E+00

     total cpu time spent up to now is     2340.7 secs

     Self-consistent Calculation

     iteration #  1     ecut=    80.00 Ry     beta= 0.70
     Davidson diagonalization with overlap
     ethr =  1.00E-06,  avg # of iterations =  3.0

     Threshold (ethr) on eigenvalues was too large:
     Diagonalizing with lowered threshold

     Davidson diagonalization with overlap
     ethr =  8.69E-09,  avg # of iterations =  5.0

     negative rho (up, down):  1.841E-04 0.000E+00

     total cpu time spent up to now is     2355.1 secs

     total energy              =   -2246.44979120 Ry
     estimated scf accuracy    <       0.00002300 Ry

     iteration #  2     ecut=    80.00 Ry     beta= 0.70
     Davidson diagonalization with overlap
     ethr =  7.37E-09,  avg # of iterations =  1.0

     negative rho (up, down):  1.862E-04 0.000E+00

     total cpu time spent up to now is     2371.2 secs

     total energy              =   -2246.44979224 Ry
     estimated scf accuracy    <       0.00000432 Ry

     iteration #  3     ecut=    80.00 Ry     beta= 0.70
     Davidson diagonalization with overlap
     ethr =  1.38E-09,  avg # of iterations =  2.0

     negative rho (up, down):  1.877E-04 0.000E+00

     total cpu time spent up to now is     2383.0 secs

     total energy              =   -2246.44979260 Ry
     estimated scf accuracy    <       0.00000057 Ry

     iteration #  4     ecut=    80.00 Ry     beta= 0.70
     Davidson diagonalization with overlap
     ethr =  1.84E-10,  avg # of iterations =  5.0

     negative rho (up, down):  1.881E-04 0.000E+00

     total cpu time spent up to now is     2395.6 secs

     total energy              =   -2246.44979275 Ry
     estimated scf accuracy    <       0.00000007 Ry

     iteration #  5     ecut=    80.00 Ry     beta= 0.70
     Davidson diagonalization with overlap
     ethr =  2.25E-11,  avg # of iterations =  4.0

     negative rho (up, down):  1.883E-04 0.000E+00

     total cpu time spent up to now is     2406.4 secs

     total energy              =   -2246.44979276 Ry
     estimated scf accuracy    <       0.00000002 Ry

     iteration #  6     ecut=    80.00 Ry     beta= 0.70
     Davidson diagonalization with overlap
     ethr =  5.89E-12,  avg # of iterations =  4.0

     negative rho (up, down):  1.810E-04 0.000E+00

     total cpu time spent up to now is     2410.0 secs

     End of self-consistent calculation

          k = 0.0000 0.0000 0.0000 (105382 PWs)   bands (ev):

   -63.0363 -63.0290 -63.0243 -63.0080 -62.9873 -62.9720 -62.9632 -62.9428
   -62.9370 -62.9316 -62.9100 -62.9021 -37.3938 -37.3326 -37.3039 -37.2932
   -37.2793 -37.2543 -37.2358 -37.2272 -37.2184 -37.2094 -37.2069 -37.1945
   -37.1877 -37.1849 -37.1564 -37.1546 -37.1465 -37.1452 -37.1380 -37.1279
   -37.1163 -37.1121 -37.1064 -37.0950 -37.0903 -37.0863 -37.0792 -37.0555
   -37.0500 -37.0370 -37.0201 -36.9977 -36.9774 -36.9473 -36.9174 -36.9026
   -22.4180 -16.0902 -15.3423 -15.2509 -15.0926 -15.0130 -14.9165 -14.6228
   -14.5866 -14.5763 -14.5678 -14.5303 -14.5065 -14.4518 -14.3696 -14.2789
   -14.2573 -14.2545 -14.1729 -14.1146 -14.0272 -13.9872 -13.9612 -13.7548
    -7.9694  -7.8346  -7.7929  -7.6284  -7.4757  -7.4055  -7.3476  -7.3400
    -7.2601  -7.1154  -7.0384  -6.9313  -6.9233  -6.8167  -6.7279  -6.7056
    -6.5924  -6.5843  -6.5117  -6.4413  -6.1436  -6.1343  -6.0529  -6.0177
    -5.9762  -5.9468  -5.8619  -5.8397  -5.8075  -5.7768  -5.7490  -5.7046
    -5.6509  -5.6335  -5.5060  -5.4359  -5.3432  -5.2909  -5.2335  -5.1792
    -5.1500  -5.1200  -4.9972  -4.8179  -4.7800  -4.7026  -4.6137  -4.4422
    -4.4263  -4.3721  -4.3404  -4.2475  -4.1278  -4.0646  -4.0213  -3.9565
    -3.9121  -3.8301  -3.7982  -3.7661  -3.7141  -3.6742  -3.6227  -3.5801
    -3.5396  -3.5145  -3.4723  -3.3281  -3.2655  -3.2325  -3.0667  -2.9781
    -2.9481  -2.9222  -2.8920  -2.8850  -2.7965  -2.7462  -2.6659  -2.5997
    -2.4223  -2.1711  -2.1198  -2.0902  -0.9359  -0.9068  -0.3146  -0.3063
    -0.2429  -0.2151  -0.1284  -0.0308  -0.0139   0.0936   0.1355   0.1451
     0.1837   0.2798   0.3459   0.3871   0.4180   0.4417   0.4890   0.5143
     0.5752   0.5966   0.6389   0.6548   0.7244   0.7543   0.7768   0.8088
     0.9031   0.9339   1.0965

     the Fermi energy is    -1.5132 ev

!    total energy              =   -2246.44979279 Ry
     estimated scf accuracy    <          4.7E-09 Ry
     smearing contrib. (-TS)   =      -0.00000000 Ry
     internal energy E=F+TS    =   -2246.44979279 Ry

     The total energy is F=E-TS. E is the sum of the following terms:
     one-electron contribution =  -18407.13403707 Ry
     hartree contribution      =    9190.71821554 Ry
     xc contribution           =    -392.12255814 Ry
     ewald contribution        =    7371.94605251 Ry
     one-center paw contrib.   =      -9.85746563 Ry

     convergence has been achieved in   6 iterations

     negative rho (up, down):  1.810E-04 0.000E+00

     Forces acting on atoms (cartesian axes, Ry/au):

     atom    1 type  1   force =    -0.00064136    0.00078250   -0.00069752
     atom    2 type  2   force =    -0.00025854    0.00089882   -0.00028086
     atom    3 type  2   force =    -0.00080143   -0.00010742   -0.00041323
     atom    4 type  1   force =     0.00012878   -0.00029479   -0.00005462
     atom    5 type  2   force =     0.00008742    0.00010897   -0.00078068
     atom    6 type  2   force =     0.00001523    0.00000869   -0.00019960
     atom    7 type  1   force =    -0.00024915    0.00046194    0.00096322
     atom    8 type  2   force =     0.00002657   -0.00039834    0.00107824
     atom    9 type  2   force =    -0.00015005    0.00025586    0.00122476
     atom   10 type  1   force =    -0.00021739   -0.00024743    0.00028899
     atom   11 type  2   force =     0.00022592    0.00100261    0.00033748
     atom   12 type  2   force =    -0.00027587    0.00021393    0.00059127
     atom   13 type  1   force =    -0.00106280   -0.00193611    0.00036231
     atom   14 type  2   force =     0.00060741    0.00039599    0.00038039
     atom   15 type  2   force =     0.00004511   -0.00046348   -0.00108799
     atom   16 type  1   force =    -0.00024750   -0.00106428   -0.00071392
     atom   17 type  2   force =     0.00042713    0.00120296    0.00034361
     atom   18 type  2   force =    -0.00026156   -0.00020191   -0.00110143
     atom   19 type  1   force =    -0.00031334    0.00055280   -0.00079792
     atom   20 type  2   force =     0.00090846   -0.00051248   -0.00001230
     atom   21 type  1   force =     0.00048912    0.00038419    0.00024301
     atom   22 type  2   force =     0.00022862   -0.00033054    0.00055586
     atom   23 type  2   force =    -0.00011878    0.00023249   -0.00005395
     atom   24 type  1   force =     0.00058860    0.00001054   -0.00023240
     atom   25 type  2   force =    -0.00065838   -0.00069465    0.00109687
     atom   26 type  2   force =    -0.00006017   -0.00088650   -0.00009759
     atom   27 type  1   force =     0.00025263    0.00028454   -0.00022465
     atom   28 type  2   force =     0.00008773    0.00057079    0.00038159
     atom   29 type  2   force =     0.00050908   -0.00040298   -0.00087552
     atom   30 type  1   force =     0.00016414   -0.00040835    0.00097984
     atom   31 type  2   force =     0.00062890    0.00040713   -0.00039486
     atom   32 type  2   force =    -0.00084172   -0.00006993    0.00041281
     atom   33 type  1   force =    -0.00037268    0.00072388    0.00051468
     atom   34 type  2   force =     0.00021070   -0.00036784    0.00025423
     atom   35 type  2   force =     0.00010780   -0.00065303    0.00068462
     atom   36 type  3   force =     0.00079136    0.00054142   -0.00267474
     The non-local contrib.  to forces
     atom    1 type  1   force =    -0.00093470    0.02553509    0.00176746
     atom    2 type  2   force =    -0.00158384   -0.00589472   -0.27276371
     atom    3 type  2   force =    -0.00407905   -0.01025914    0.26324458
     atom    4 type  1   force =     0.00359012    0.00660389    0.00574504
     atom    5 type  2   force =     0.00428231   -0.02449371   -0.25898379
     atom    6 type  2   force =     0.00028665   -0.00513102    0.26808457
     atom    7 type  1   force =    -0.01449792    0.00421011   -0.02415693
     atom    8 type  2   force =     0.00917159   -0.00019056   -0.26675607
     atom    9 type  2   force =    -0.00683123   -0.01215792    0.26987716
     atom   10 type  1   force =     0.00260562    0.00669790    0.00279938
     atom   11 type  2   force =     0.00462410    0.00252127   -0.26171695
     atom   12 type  2   force =    -0.00818621   -0.01365622    0.26644811
     atom   13 type  1   force =    -0.00757145    0.01169922    0.01086588
     atom   14 type  2   force =     0.00010734   -0.00339482   -0.27437307
     atom   15 type  2   force =     0.00096620   -0.01083923    0.25959048
     atom   16 type  1   force =    -0.00035013    0.03447880   -0.03569088
     atom   17 type  2   force =    -0.00451999   -0.02036537   -0.25791384
     atom   18 type  2   force =     0.00030477   -0.00208416    0.26441375
     atom   19 type  1   force =     0.01896570    0.00012972   -0.02713899
     atom   20 type  2   force =     0.00199530   -0.01340510    0.26238689
     atom   21 type  1   force =    -0.00062606    0.02911650    0.00316895
     atom   22 type  2   force =    -0.00632565    0.00054307   -0.26219810
     atom   23 type  2   force =     0.00754491   -0.01358391    0.26422153
     atom   24 type  1   force =     0.00843575    0.00640465    0.01950469
     atom   25 type  2   force =    -0.00833983    0.00304065    0.29754896
     atom   26 type  2   force =     0.00207053   -0.01207445    0.27861755
     atom   27 type  1   force =    -0.00481515    0.00340813    0.00228020
     atom   28 type  2   force =     0.00056437   -0.01299538   -0.27751253
     atom   29 type  2   force =     0.00002024   -0.00804828    0.26626748
     atom   30 type  1   force =    -0.00476496    0.01817116    0.00489794
     atom   31 type  2   force =    -0.00548052    0.00034944   -0.26811688
     atom   32 type  2   force =     0.00517389   -0.01363156    0.27169519
     atom   33 type  1   force =    -0.00146099    0.01685079    0.01754890
     atom   34 type  2   force =     0.00238366   -0.00657941   -0.27855309
     atom   35 type  2   force =     0.00044759   -0.01408628    0.26553742
     atom   36 type  3   force =     0.03615006   -0.00133987   -2.31814105
     The ionic contribution  to forces
     atom    1 type  1   force =    -0.19854973    1.06679412    1.31482317
     atom    2 type  2   force =    -1.18343256   -0.01179235   38.14532235
     atom    3 type  2   force =    -0.01511439   -0.06570052  -38.35308379
     atom    4 type  1   force =    -0.53057209    0.85569661   -0.48335366
     atom    5 type  2   force =    -0.80437234    1.44124330   38.05104961
     atom    6 type  2   force =     0.15313394   -0.25002147  -38.37719662
     atom    7 type  1   force =    -2.62631188   -1.99847206    1.64817122
     atom    8 type  2   force =    -1.28704773    0.16102793   38.03159755
     atom    9 type  2   force =     0.29048353   -0.03065872  -38.43011482
     atom   10 type  1   force =    -1.04568248   -0.99789030    1.20115487
     atom   11 type  2   force =    -0.43779004   -1.70385590   38.19868794
     atom   12 type  2   force =     0.17729682    0.21092597  -38.41170053
     atom   13 type  1   force =     1.11798269    1.23700241   -1.18030723
     atom   14 type  2   force =     0.98850281   -0.14307018   37.88327332
     atom   15 type  2   force =     0.03299089   -0.11679275  -38.26322351
     atom   16 type  1   force =     0.39705378    3.81097997    1.28291953
     atom   17 type  2   force =     1.32305995    2.12905935   37.85402996
     atom   18 type  2   force =    -0.16414381   -0.18399317  -38.70975428
     atom   19 type  1   force =     2.80441170   -2.35399108    2.09599950
     atom   20 type  2   force =     0.02433556   -0.04948233  -39.07538203
     atom   21 type  1   force =     0.54907034   -0.79056918   -0.50450370
     atom   22 type  2   force =     1.00942872   -2.29211070   37.96082077
     atom   23 type  2   force =    -0.11825643    0.21430276  -38.67563480
     atom   24 type  1   force =    -0.93173747    0.99089156   -1.81570052
     atom   25 type  2   force =     0.30921613   -0.02315719   28.69362868
     atom   26 type  2   force =    -0.01489338   -0.06961148  -38.13079464
     atom   27 type  1   force =     0.14266117    1.23945475   -0.57698082
     atom   28 type  2   force =    -0.52827159    1.52659790   37.58784729
     atom   29 type  2   force =     0.00825664    0.07498263  -38.41162793
     atom   30 type  1   force =    -0.15853577   -1.17053557    0.69989518
     atom   31 type  2   force =     1.13072243    0.17743092   37.94753290
     atom   32 type  2   force =    -0.31675975   -0.01775548  -38.26988346
     atom   33 type  1   force =     0.48548422   -1.56470071   -1.22927890
     atom   34 type  2   force =    -0.59203910   -1.46053108   38.19621824
     atom   35 type  2   force =    -0.06457525    0.06217851  -38.37356186
     atom   36 type  3   force =     0.07399446    0.09612354   50.47911100
     The local contribution  to forces
     atom    1 type  1   force =     0.19885065   -1.09156498   -1.31723666
     atom    2 type  2   force =     1.18466682    0.01839104  -37.89413234
     atom    3 type  2   force =     0.01818241    0.07548133   38.11021706
     atom    4 type  1   force =     0.52713151   -0.86260130    0.47759576
     atom    5 type  2   force =     0.80057080   -1.41771765  -37.81338895
     atom    6 type  2   force =    -0.15350297    0.25536019   38.12981729
     atom    7 type  1   force =     2.64057353    1.99473504   -1.62297014
     atom    8 type  2   force =     1.27835446   -0.16149460  -37.78470741
     atom    9 type  2   force =    -0.28444899    0.04244365   38.18251004
     atom   10 type  1   force =     1.04287962    0.99095219   -1.20357633
     atom   11 type  2   force =     0.43344584    1.70267334  -37.95734265
     atom   12 type  2   force =    -0.17003036   -0.19800792   38.16676669
     atom   13 type  1   force =    -1.11150646   -1.25064567    1.16984385
     atom   14 type  2   force =    -0.98797611    0.14703523  -37.62985448
     atom   15 type  2   force =    -0.03384188    0.12672256   38.02312769
     atom   16 type  1   force =    -0.39695314   -3.84652919   -1.24791633
     atom   17 type  2   force =    -1.31848980   -2.10843569  -37.61643178
     atom   18 type  2   force =     0.16377237    0.18612521   38.46506428
     atom   19 type  1   force =    -2.82369773    2.35443402   -2.06960074
     atom   20 type  2   force =    -0.02529830    0.06178066   38.83420245
     atom   21 type  1   force =    -0.54797095    0.76183288    0.50165212
     atom   22 type  2   force =    -1.00304407    2.29140991  -37.71895674
     atom   23 type  2   force =     0.11116782   -0.20139906   38.43223650
     atom   24 type  1   force =     0.92389463   -0.99731195    1.79603442
     atom   25 type  2   force =    -0.30199278    0.01961865  -28.98015095
     atom   26 type  2   force =     0.01284975    0.08030015   37.87344084
     atom   27 type  1   force =    -0.13760885   -1.24258790    0.57452231
     atom   28 type  2   force =     0.52781074   -1.51388226  -37.33138132
     atom   29 type  2   force =    -0.00782761   -0.06762297   38.16528795
     atom   30 type  1   force =     0.16348490    1.15198472   -0.70372632
     atom   31 type  2   force =    -1.12486772   -0.17763698  -37.70074670
     atom   32 type  2   force =     0.31127607    0.03061096   38.01965417
     atom   33 type  1   force =    -0.48440166    1.54858812    1.21234864
     atom   34 type  2   force =     0.59000693    1.46647649  -37.93897982
     atom   35 type  2   force =     0.06429816   -0.04958633   38.12965349
     atom   36 type  3   force =    -0.10899016   -0.09426431  -48.18823391
     The core correction contribution to forces
     atom    1 type  1   force =     0.00000000    0.00000000    0.00000000
     atom    2 type  2   force =     0.00011670    0.00018744    0.02132813
     atom    3 type  2   force =     0.00022357    0.00038379   -0.02077028
     atom    4 type  1   force =     0.00000000    0.00000000    0.00000000
     atom    5 type  2   force =    -0.00038059    0.00107057    0.02057137
     atom    6 type  2   force =     0.00009882   -0.00020718   -0.02090221
     atom    7 type  1   force =     0.00000000    0.00000000    0.00000000
     atom    8 type  2   force =    -0.00044383    0.00027975    0.02097375
     atom    9 type  2   force =     0.00065098    0.00062787   -0.02102167
     atom   10 type  1   force =     0.00000000    0.00000000    0.00000000
     atom   11 type  2   force =    -0.00004231   -0.00033945    0.02074460
     atom   12 type  2   force =     0.00064671    0.00095255   -0.02090066
     atom   13 type  1   force =     0.00000000    0.00000000    0.00000000
     atom   14 type  2   force =    -0.00001987   -0.00018659    0.02136804
     atom   15 type  2   force =    -0.00007090    0.00045519   -0.02057617
     atom   16 type  1   force =     0.00000000    0.00000000    0.00000000
     atom   17 type  2   force =     0.00036595    0.00093837    0.02069001
     atom   18 type  2   force =    -0.00019605   -0.00025685   -0.02082646
     atom   19 type  1   force =     0.00000000    0.00000000    0.00000000
     atom   20 type  2   force =    -0.00013197    0.00059580   -0.02120862
     atom   21 type  1   force =     0.00000000    0.00000000    0.00000000
     atom   22 type  2   force =     0.00015265   -0.00016606    0.02092571
     atom   23 type  2   force =    -0.00058061    0.00091499   -0.02086157
     atom   24 type  1   force =     0.00000000    0.00000000    0.00000000
     atom   25 type  2   force =     0.00043993   -0.00021138   -0.00988399
     atom   26 type  2   force =    -0.00009163    0.00050075   -0.02134239
     atom   27 type  1   force =     0.00000000    0.00000000    0.00000000
     atom   28 type  2   force =    -0.00001171    0.00083571    0.02146085
     atom   29 type  2   force =     0.00006538    0.00027361   -0.02079132
     atom   30 type  1   force =     0.00000000    0.00000000    0.00000000
     atom   31 type  2   force =     0.00024200    0.00028440    0.02096534
     atom   32 type  2   force =    -0.00053329    0.00071023   -0.02103512
     atom   33 type  1   force =     0.00000000    0.00000000    0.00000000
     atom   34 type  2   force =    -0.00013324    0.00027533    0.02160538
     atom   35 type  2   force =    -0.00005392    0.00083977   -0.02090907
     atom   36 type  3   force =    -0.00038787   -0.00000583    0.02461031
     The Hubbard contrib.    to forces
     atom    1 type  1   force =     0.00000000    0.00000000    0.00000000
     atom    2 type  2   force =     0.00000000    0.00000000    0.00000000
     atom    3 type  2   force =     0.00000000    0.00000000    0.00000000
     atom    4 type  1   force =     0.00000000    0.00000000    0.00000000
     atom    5 type  2   force =     0.00000000    0.00000000    0.00000000
     atom    6 type  2   force =     0.00000000    0.00000000    0.00000000
     atom    7 type  1   force =     0.00000000    0.00000000    0.00000000
     atom    8 type  2   force =     0.00000000    0.00000000    0.00000000
     atom    9 type  2   force =     0.00000000    0.00000000    0.00000000
     atom   10 type  1   force =     0.00000000    0.00000000    0.00000000
     atom   11 type  2   force =     0.00000000    0.00000000    0.00000000
     atom   12 type  2   force =     0.00000000    0.00000000    0.00000000
     atom   13 type  1   force =     0.00000000    0.00000000    0.00000000
     atom   14 type  2   force =     0.00000000    0.00000000    0.00000000
     atom   15 type  2   force =     0.00000000    0.00000000    0.00000000
     atom   16 type  1   force =     0.00000000    0.00000000    0.00000000
     atom   17 type  2   force =     0.00000000    0.00000000    0.00000000
     atom   18 type  2   force =     0.00000000    0.00000000    0.00000000
     atom   19 type  1   force =     0.00000000    0.00000000    0.00000000
     atom   20 type  2   force =     0.00000000    0.00000000    0.00000000
     atom   21 type  1   force =     0.00000000    0.00000000    0.00000000
     atom   22 type  2   force =     0.00000000    0.00000000    0.00000000
     atom   23 type  2   force =     0.00000000    0.00000000    0.00000000
     atom   24 type  1   force =     0.00000000    0.00000000    0.00000000
     atom   25 type  2   force =     0.00000000    0.00000000    0.00000000
     atom   26 type  2   force =     0.00000000    0.00000000    0.00000000
     atom   27 type  1   force =     0.00000000    0.00000000    0.00000000
     atom   28 type  2   force =     0.00000000    0.00000000    0.00000000
     atom   29 type  2   force =     0.00000000    0.00000000    0.00000000
     atom   30 type  1   force =     0.00000000    0.00000000    0.00000000
     atom   31 type  2   force =     0.00000000    0.00000000    0.00000000
     atom   32 type  2   force =     0.00000000    0.00000000    0.00000000
     atom   33 type  1   force =     0.00000000    0.00000000    0.00000000
     atom   34 type  2   force =     0.00000000    0.00000000    0.00000000
     atom   35 type  2   force =     0.00000000    0.00000000    0.00000000
     atom   36 type  3   force =     0.00000000    0.00000000    0.00000000
     The SCF correction term to forces
     atom    1 type  1   force =    -0.00000632    0.00001912   -0.00004750
     atom    2 type  2   force =    -0.00002439    0.00000826   -0.00003130
     atom    3 type  2   force =    -0.00001272   -0.00001205   -0.00001681
     atom    4 type  1   force =    -0.00001949    0.00000686   -0.00003777
     atom    5 type  2   force =    -0.00001150    0.00000730   -0.00002492
     atom    6 type  2   force =     0.00000005    0.00000901    0.00000136
     atom    7 type  1   force =    -0.00001162   -0.00001030   -0.00007694
     atom    8 type  2   force =    -0.00000666   -0.00002002   -0.00002560
     atom    9 type  2   force =    -0.00000308    0.00000182   -0.00002195
     atom   10 type  1   force =    -0.00001889   -0.00000638   -0.00008493
     atom   11 type  2   force =    -0.00001041    0.00000420   -0.00003146
     atom   12 type  2   force =    -0.00000156    0.00000039   -0.00001834
     atom   13 type  1   force =     0.00003368    0.00000877   -0.00003620
     atom   14 type  2   force =    -0.00000550    0.00001320   -0.00002943
     atom   15 type  2   force =     0.00000207   -0.00000840   -0.00000249
     atom   16 type  1   force =     0.00000326    0.00000699   -0.00002225
     atom   17 type  2   force =     0.00001228    0.00000713   -0.00002674
     atom   18 type  2   force =     0.00000243    0.00000791    0.00000527
     atom   19 type  1   force =     0.00000826   -0.00001903   -0.00005370
     atom   20 type  2   force =     0.00000913   -0.00000067   -0.00000699
     atom   21 type  1   force =     0.00001705    0.00000483   -0.00007036
     atom   22 type  2   force =     0.00001824   -0.00000592   -0.00003180
     atom   23 type  2   force =     0.00000679   -0.00000145   -0.00001162
     atom   24 type  1   force =    -0.00000304    0.00002711   -0.00006699
     atom   25 type  2   force =     0.00001943    0.00001546   -0.00004184
     atom   26 type  2   force =     0.00000584   -0.00000063   -0.00001495
     atom   27 type  1   force =     0.00001673    0.00001040   -0.00004235
     atom   28 type  2   force =    -0.00000282    0.00001566   -0.00002870
     atom   29 type  2   force =    -0.00000430    0.00001287   -0.00000772
     atom   30 type  1   force =    -0.00001876   -0.00002783   -0.00008297
     atom   31 type  2   force =     0.00001398   -0.00001981   -0.00002552
     atom   32 type  2   force =     0.00000262   -0.00000325   -0.00001398
     atom   33 type  1   force =     0.00000701   -0.00001348   -0.00009997
     atom   34 type  2   force =    -0.00000629   -0.00000833   -0.00003248
     atom   35 type  2   force =    -0.00000751    0.00000213   -0.00003137
     atom   36 type  3   force =     0.00002614    0.00002872   -0.00001711

     Total force =     0.006563     Total SCF correction =     0.000274
     Energy error            =      8.4E-05 Ry
     Gradient error          =      2.7E-03 Ry/Bohr

     bfgs converged in  22 scf cycles and  21 bfgs steps
     (criteria: energy <  1.0E-04 Ry, force <  1.0E-02 Ry/Bohr)

     End of BFGS Geometry Optimization

     Final energy             =   -2246.4497927854 Ry

     File ./MoS2-V-O.bfgs deleted, as requested
Begin final coordinates

ATOMIC_POSITIONS (angstrom)
Mo            6.5440420000        1.7229063163        2.7596188193
S             8.1185671257        0.8249001091        4.3641481099
S             8.1119512388        0.8134080734        1.1628518992
Mo            8.1029041178        4.4751328919        2.7114869730
S             6.5050380625        3.6395825376        4.3114220805
S             6.5310000341        3.5387788678        1.1184483486
Mo            6.4968081124        7.1586576368        2.6642912826
S             8.0605401505        6.2843078482        4.2983281091
S             8.1166980817        6.3015944703        1.1071295807
Mo            8.1180986204        9.9145647860        2.7622371427
S             6.5005921745        8.9241561021        4.3186953600
S             6.5685325076        9.0056845955        1.1219127151
Mo            3.4302380130        1.7570472212        2.7503028655
S             4.9702368138        0.7922225789        4.3434560252
S             4.9816090539        0.8128616136        1.1619764777
Mo            4.9742721223        4.5233998979        2.6638193795
S             3.4491775820        3.6477641431        4.3200359489
S             3.4184918746        3.5607849922        1.1091514387
Mo            3.4574113601        7.1608944289        2.6758776647
S             4.9713037807        6.2928014976        1.0462819250
Mo            4.9716074619        9.8832343672        2.7257565732
S             3.4460948292        8.9255798813        4.3259538490
S             3.3908176559        8.9930807617        1.1167403089
Mo            0.2224237142        1.7413241736        2.7510279694
S             1.8336848805        0.8222189594        4.2721425979
S             1.8314602104        0.8254433755        1.1860042558
Mo            1.8450011275        4.4712368252        2.7185240179
S             0.2410193336        3.5858154164        4.3224171317
S             0.2437425703        3.5568159571        1.1383179538
Mo            0.2388283983        7.1981661744        2.7320181370
S             1.8771430477        6.2834601913        4.3043276273
S             1.8335532833        6.3042269595        1.1182189507
Mo            1.8309488156        9.8835201597        2.7514712884
S             0.2446432793        9.0035481146        4.3592942149
S             0.2335207943        9.0218244281        1.1541032611
O             1.8110958946        0.8300000571        5.7725495889
End final coordinates



     Writing all to output data dir ./MoS2-V-O.save/
 
     init_run     :      4.71s CPU      5.15s WALL (       1 calls)
     electrons    :   1990.16s CPU   2255.58s WALL (      22 calls)
     update_pot   :     66.79s CPU     71.20s WALL (      21 calls)
     forces       :     59.63s CPU     68.67s WALL (      22 calls)

     Called by init_run:
     wfcinit      :      0.53s CPU      0.60s WALL (       1 calls)
     potinit      :      2.38s CPU      2.59s WALL (       1 calls)
     hinit0       :      0.44s CPU      0.46s WALL (       1 calls)

     Called by electrons:
     c_bands      :    296.13s CPU    302.99s WALL (     206 calls)
     sum_band     :    116.88s CPU    151.82s WALL (     206 calls)
     v_of_rho     :    192.94s CPU    236.52s WALL (     221 calls)
     newd         :     65.76s CPU    100.33s WALL (     221 calls)
     PAW_pot      :      8.79s CPU      8.82s WALL (     242 calls)
     mix_rho      :   1331.45s CPU   1479.21s WALL (     206 calls)

     Called by c_bands:
     init_us_2    :      4.91s CPU      5.07s WALL (     434 calls)
     init_us_2:cp :      4.90s CPU      5.07s WALL (     434 calls)
     regterg      :    280.79s CPU    287.44s WALL (     206 calls)

     Called by *egterg:
     rdiaghg      :     18.76s CPU     18.98s WALL (    1072 calls)
     h_psi        :    183.90s CPU    185.50s WALL (    1101 calls)
     s_psi        :     17.07s CPU     17.12s WALL (    1101 calls)
     g_psi        :      0.88s CPU      0.89s WALL (     894 calls)

     Called by h_psi:
     h_psi:calbec :     19.06s CPU     19.13s WALL (    1101 calls)
     vloc_psi     :    145.80s CPU    147.23s WALL (    1101 calls)
     add_vuspsi   :     16.78s CPU     16.86s WALL (    1101 calls)

     General routines
     calbec       :     27.81s CPU     27.95s WALL (    1416 calls)
     fft          :    133.72s CPU    154.49s WALL (   14763 calls)
     ffts         :    597.60s CPU    740.35s WALL (  327116 calls)
     fftw         :     90.72s CPU     91.63s WALL (  125898 calls)
     interpolate  :      2.81s CPU      3.20s WALL (     221 calls)
 
     Parallel routines
 
     PWSCF        :  35m30.62s CPU  40m14.71s WALL

 
   This run was terminated on:  11:18:35   2Nov2023            

=------------------------------------------------------------------------------=
   JOB DONE.
=------------------------------------------------------------------------------=
